2026-05-15 15:58:31 [INFO] main: ============================================================
2026-05-15 15:58:31 [INFO] main: 自動再平衡系統啟動  帳戶 #1
2026-05-15 15:58:31 [INFO] trader: AlpacaClient 初始化（Paper 模式）
2026-05-15 15:58:31 [INFO] trader: 2026-05-15 是交易日
2026-05-15 15:58:31 [INFO] universe: 載入股票宇宙：25 檔（最後更新 2026-05-05）
2026-05-15 15:58:31 [INFO] universe: 載入流通股數：25 檔（最後更新 2026-04-01）
2026-05-15 15:58:31 [INFO] universe: 資料驗證通過：所有 25 檔股票均有流通股數資料
2026-05-15 15:58:31 [INFO] market_cap: 取得收盤價：25 / 25 檔
2026-05-15 15:58:31 [INFO] market_cap: 前 10 名：1.NVDA  2.AAPL  3.MSFT  4.AMZN  5.GOOGL  6.TSM  7.AVGO  8.META  9.AMD  10.V
2026-05-15 15:58:32 [INFO] trader: 帳戶 NAV: $104537.69  現金: $1620.35
2026-05-15 15:58:32 [INFO] trader: 現有持倉：10 檔
2026-05-15 15:58:32 [INFO] portfolio: 再平衡計劃：0 筆賣單 + 0 筆買單
2026-05-15 15:58:32 [INFO] trader: 無再平衡訂單需要執行
2026-05-15 15:58:32 [INFO] portfolio: 持倉快照已儲存：/home/runner/work/tech-rebalance/tech-rebalance/data/1/portfolio_state.json
2026-05-15 15:58:32 [INFO] portfolio: NAV 歷史已更新：2026-05-15（共 9 筆）
2026-05-15 15:58:32 [INFO] logger: README.md 日誌已追加：2026-05-15  NAV=$104,537.69
2026-05-15 15:58:32 [INFO] dashboard: 基準指數回撤資料已快取（251 個交易日）
2026-05-15 15:58:32 [INFO] dashboard: dashboard.html 已生成：/home/runner/work/tech-rebalance/tech-rebalance/data/1/dashboard.html
2026-05-15 15:58:32 [INFO] harvest: 收割計劃：8 檔，增益 $5103，估算節稅 $765
2026-05-15 15:58:32 [INFO] main: 稅務收割機會：8 檔，增益 $5103，估算節稅 $765
2026-05-15 15:58:32 [INFO] market_state: S&P 500 資料：502 天，最新 7419.68
2026-05-15 15:58:32 [INFO] email_report: 📧 SendGrid 報告郵件已寄出 → itemhsu@gmail.com
2026-05-15 15:58:32 [INFO] main: ============================================================
2026-05-15 15:58:32 [INFO] main: 執行完成
2026-05-15 15:58:32 [INFO] main:   日期    : 2026-05-15
2026-05-15 15:58:32 [INFO] main:   NAV     : $104,537.69
2026-05-15 15:58:32 [INFO] main:   現金    : $1,620.35
2026-05-15 15:58:32 [INFO] main:   持倉    : 10 檔
2026-05-15 15:58:32 [INFO] main:   前10名  : NVDA, AAPL, MSFT, AMZN, GOOGL, TSM, AVGO, META, AMD, V
2026-05-15 15:58:32 [INFO] main:   訂單數  : 0 筆
2026-05-15 15:58:32 [INFO] main:   模式    : LIVE
2026-05-15 15:58:32 [INFO] main: ============================================================
2026-05-15 22:24:28 [INFO] main: ============================================================
2026-05-15 22:24:28 [INFO] main: 自動再平衡系統啟動  帳戶 #1
2026-05-15 22:24:28 [INFO] main: ⚠️  DRY_RUN 模式：只計算，不實際下單
2026-05-15 22:24:28 [INFO] trader: AlpacaClient 初始化（Paper 模式）
2026-05-15 22:24:29 [INFO] trader: 2026-05-15 是交易日
2026-05-15 22:24:29 [INFO] universe: 載入股票宇宙：25 檔（最後更新 2026-05-05）
2026-05-15 22:24:29 [INFO] universe: 載入流通股數：25 檔（最後更新 2026-04-01）
2026-05-15 22:24:29 [INFO] universe: 資料驗證通過：所有 25 檔股票均有流通股數資料
2026-05-15 22:24:29 [INFO] market_cap: 取得收盤價：25 / 25 檔
2026-05-15 22:24:29 [INFO] market_cap: 前 10 名：1.NVDA  2.AAPL  3.MSFT  4.AMZN  5.GOOGL  6.TSM  7.AVGO  8.META  9.AMD  10.V
2026-05-15 22:24:29 [INFO] trader: 帳戶 NAV: $103923.58  現金: $1620.35
2026-05-15 22:24:29 [INFO] trader: 現有持倉：10 檔
2026-05-15 22:24:29 [INFO] portfolio: 再平衡計劃：0 筆賣單 + 0 筆買單
2026-05-15 22:24:29 [INFO] trader: 無再平衡訂單需要執行
2026-05-15 22:24:29 [INFO] portfolio: 持倉快照已儲存：/home/runner/work/tech-rebalance/tech-rebalance/data/1/portfolio_state.json
2026-05-15 22:24:29 [INFO] portfolio: NAV 歷史已更新：2026-05-15（共 9 筆）
2026-05-15 22:24:29 [INFO] logger: README.md 日誌已更新：2026-05-15  NAV=$103,923.58
2026-05-15 22:24:30 [INFO] dashboard: 基準指數回撤資料已快取（251 個交易日）
2026-05-15 22:24:30 [INFO] dashboard: Dashboard 已生成：/home/runner/work/tech-rebalance/tech-rebalance/data/1/dashboard.html
2026-05-15 22:24:30 [INFO] harvest: 收割計劃：8 檔，增益 $4519，估算節稅 $678
2026-05-15 22:24:30 [INFO] main: 稅務收割機會：8 檔，增益 $4519，估算節稅 $678
2026-05-15 22:24:30 [INFO] main: [DRY RUN] 跳過寄信
2026-05-15 22:24:30 [INFO] main: ============================================================
2026-05-15 22:24:30 [INFO] main: 執行完成
2026-05-15 22:24:30 [INFO] main:   日期    : 2026-05-15
2026-05-15 22:24:30 [INFO] main:   NAV     : $103,923.58
2026-05-15 22:24:30 [INFO] main:   現金    : $1,620.35
2026-05-15 22:24:30 [INFO] main:   持倉    : 10 檔
2026-05-15 22:24:30 [INFO] main:   前10名  : NVDA, AAPL, MSFT, AMZN, GOOGL, TSM, AVGO, META, AMD, V
2026-05-15 22:24:30 [INFO] main:   訂單數  : 0 筆
2026-05-15 22:24:30 [INFO] main:   模式    : DRY RUN
2026-05-15 22:24:30 [INFO] main: ============================================================
2026-05-15 22:37:59 [INFO] main: ============================================================
2026-05-15 22:37:59 [INFO] main: 自動再平衡系統啟動  帳戶 #1
2026-05-15 22:37:59 [INFO] trader: AlpacaClient 初始化（Paper 模式）
2026-05-15 22:37:59 [INFO] trader: 2026-05-15 是交易日
2026-05-15 22:37:59 [INFO] universe: 載入股票宇宙：25 檔（最後更新 2026-05-05）
2026-05-15 22:37:59 [INFO] universe: 載入流通股數：25 檔（最後更新 2026-04-01）
2026-05-15 22:37:59 [INFO] universe: 資料驗證通過：所有 25 檔股票均有流通股數資料
2026-05-15 22:38:00 [INFO] market_cap: 取得收盤價：25 / 25 檔
2026-05-15 22:38:00 [INFO] market_cap: 前 10 名：1.NVDA  2.AAPL  3.MSFT  4.AMZN  5.GOOGL  6.TSM  7.AVGO  8.META  9.AMD  10.V
2026-05-15 22:38:00 [INFO] trader: 帳戶 NAV: $103898.74  現金: $1620.35
2026-05-15 22:38:00 [INFO] trader: 現有持倉：10 檔
2026-05-15 22:38:00 [INFO] portfolio: 再平衡計劃：0 筆賣單 + 0 筆買單
2026-05-15 22:38:00 [INFO] trader: 無再平衡訂單需要執行
2026-05-15 22:38:00 [INFO] portfolio: 持倉快照已儲存：/home/runner/work/tech-rebalance/tech-rebalance/data/1/portfolio_state.json
2026-05-15 22:38:00 [INFO] portfolio: NAV 歷史已更新：2026-05-15（共 9 筆）
2026-05-15 22:38:00 [INFO] logger: README.md 日誌已更新：2026-05-15  NAV=$103,898.74
2026-05-15 22:38:00 [INFO] dashboard: 基準指數回撤資料已快取（251 個交易日）
2026-05-15 22:38:00 [INFO] dashboard: Dashboard 已生成：/home/runner/work/tech-rebalance/tech-rebalance/data/1/dashboard.html
2026-05-15 22:38:00 [INFO] harvest: 收割計劃：8 檔，增益 $4508，估算節稅 $676
2026-05-15 22:38:00 [INFO] main: 稅務收割機會：8 檔，增益 $4508，估算節稅 $676
2026-05-15 22:38:00 [INFO] market_state: S&P 500 資料：501 天，最新 7408.50
2026-05-15 22:38:01 [INFO] email_report: 📧 SendGrid 報告郵件已寄出 → itemhsu@gmail.com
2026-05-15 22:38:01 [INFO] main: ============================================================
2026-05-15 22:38:01 [INFO] main: 執行完成
2026-05-15 22:38:01 [INFO] main:   日期    : 2026-05-15
2026-05-15 22:38:01 [INFO] main:   NAV     : $103,898.74
2026-05-15 22:38:01 [INFO] main:   現金    : $1,620.35
2026-05-15 22:38:01 [INFO] main:   持倉    : 10 檔
2026-05-15 22:38:01 [INFO] main:   前10名  : NVDA, AAPL, MSFT, AMZN, GOOGL, TSM, AVGO, META, AMD, V
2026-05-15 22:38:01 [INFO] main:   訂單數  : 0 筆
2026-05-15 22:38:01 [INFO] main:   模式    : LIVE
2026-05-15 22:38:01 [INFO] main: ============================================================
2026-05-15 23:04:29 [INFO] main: ============================================================
2026-05-15 23:04:29 [INFO] main: 自動再平衡系統啟動  帳戶 #1
2026-05-15 23:04:29 [INFO] trader: AlpacaClient 初始化（Paper 模式）
2026-05-15 23:04:29 [INFO] trader: 2026-05-15 是交易日
2026-05-15 23:04:29 [INFO] universe: 載入股票宇宙：25 檔（最後更新 2026-05-05）
2026-05-15 23:04:29 [INFO] universe: 載入流通股數：25 檔（最後更新 2026-04-01）
2026-05-15 23:04:29 [INFO] universe: 資料驗證通過：所有 25 檔股票均有流通股數資料
2026-05-15 23:04:29 [INFO] market_cap: 取得收盤價：25 / 25 檔
2026-05-15 23:04:29 [INFO] market_cap: 前 10 名：1.NVDA  2.AAPL  3.MSFT  4.AMZN  5.GOOGL  6.TSM  7.AVGO  8.META  9.AMD  10.V
2026-05-15 23:04:29 [INFO] trader: 帳戶 NAV: $103826.85  現金: $1620.35
2026-05-15 23:04:29 [INFO] trader: 現有持倉：10 檔
2026-05-15 23:04:29 [INFO] portfolio: 再平衡計劃：0 筆賣單 + 0 筆買單
2026-05-15 23:04:29 [INFO] trader: 無再平衡訂單需要執行
2026-05-15 23:04:29 [INFO] portfolio: 持倉快照已儲存：/home/runner/work/tech-rebalance/tech-rebalance/data/1/portfolio_state.json
2026-05-15 23:04:29 [INFO] portfolio: NAV 歷史已更新：2026-05-15（共 9 筆）
2026-05-15 23:04:29 [INFO] logger: README.md 日誌已更新：2026-05-15  NAV=$103,826.85
2026-05-15 23:04:30 [INFO] dashboard: 基準指數回撤資料已快取（251 個交易日）
2026-05-15 23:04:30 [INFO] dashboard: Dashboard 已生成：/home/runner/work/tech-rebalance/tech-rebalance/data/1/dashboard.html
2026-05-15 23:04:30 [INFO] harvest: 收割計劃：8 檔，增益 $4424，估算節稅 $664
2026-05-15 23:04:30 [INFO] main: 稅務收割機會：8 檔，增益 $4424，估算節稅 $664
2026-05-15 23:04:30 [INFO] market_state: S&P 500 資料：501 天，最新 7408.50
2026-05-15 23:04:30 [INFO] email_report: 📧 SendGrid 報告郵件已寄出 → itemhsu@gmail.com
2026-05-15 23:04:30 [INFO] main: ============================================================
2026-05-15 23:04:30 [INFO] main: 執行完成
2026-05-15 23:04:30 [INFO] main:   日期    : 2026-05-15
2026-05-15 23:04:30 [INFO] main:   NAV     : $103,826.85
2026-05-15 23:04:30 [INFO] main:   現金    : $1,620.35
2026-05-15 23:04:30 [INFO] main:   持倉    : 10 檔
2026-05-15 23:04:30 [INFO] main:   前10名  : NVDA, AAPL, MSFT, AMZN, GOOGL, TSM, AVGO, META, AMD, V
2026-05-15 23:04:30 [INFO] main:   訂單數  : 0 筆
2026-05-15 23:04:30 [INFO] main:   模式    : LIVE
2026-05-15 23:04:30 [INFO] main: ============================================================
